<?xml version="1.0" encoding="UTF-8"?>
<!-- Generated by org.testng.reporters.JUnitXMLReporter -->
<testsuite ignored="8" hostname="DESKTOP-KCKMH1G" failures="0" tests="2" name="FireFoxTest" time="29.757" errors="0" timestamp="2026-06-19T17:30:16 CEST">
  <testcase classname="testscript.LoginTest" name="verifyUserLoginWithValidUserNameAndValidPassword" time="2.794"/>
  <testcase classname="testscript.LogoutTest" name="verifysuccessfulLogout" time="2.441"/>
  <testcase classname="testscript.FooterTextTest" name="verifyFooterText" time="0.0">
    <ignored/>
  </testcase> <!-- verifyFooterText -->
  <testcase classname="testscript.AdminUsersTest" name="verifyAdminUsersMoreInfo" time="0.0">
    <ignored/>
  </testcase> <!-- verifyAdminUsersMoreInfo -->
  <testcase classname="testscript.ManageContactTest" name="verifyManageContactInfo" time="0.0">
    <ignored/>
  </testcase> <!-- verifyManageContactInfo -->
  <testcase classname="testscript.LoginTest" name="verifyUserLoginWithValidUserNameAndInvalidPassword" time="0.0">
    <ignored/>
  </testcase> <!-- verifyUserLoginWithValidUserNameAndInvalidPassword -->
  <testcase classname="testscript.LoginTest" name="verifyUserLoginwithInvalidUsernameandInvalidPassword" time="0.0">
    <ignored/>
  </testcase> <!-- verifyUserLoginwithInvalidUsernameandInvalidPassword -->
  <testcase classname="testscript.LoginTest" name="verifyUserLoginWithInvalidUserNameAndValidPassword" time="0.0">
    <ignored/>
  </testcase> <!-- verifyUserLoginWithInvalidUserNameAndValidPassword -->
  <testcase classname="testscript.ManageNewsTest" name="verifyManageNewsIsWorkingProperly" time="0.0">
    <ignored/>
  </testcase> <!-- verifyManageNewsIsWorkingProperly -->
  <testcase classname="testscript.ManageCategoryTest" name="verifyManageCategoryFunctionality" time="0.0">
    <ignored/>
  </testcase> <!-- verifyManageCategoryFunctionality -->
</testsuite> <!-- FireFoxTest -->
